armada-7ef4b8643b5ec5216a8f6726841e156c0aa54a1a.tar.gz#armada#https://github.com/airshipit/armada/tarball/7ef4b8643b5ec5216a8f6726841e156c0aa54a1a#http##
blkin-f24ceec055ea236a093988237a9821d145f5f7c8.tar.gz#blkin#https://api.github.com/repos/ceph/blkin/tarball/f24ceec055ea236a093988237a9821d145f5f7c8#https##
boost_1_67_0.tar.bz2#boost_1_67_0#https://dl.bintray.com/boostorg/release/1.67.0/source/boost_1_67_0.tar.bz2#https##
boost_1_72_0.tar.bz2#boost_1_72_0#https://boostorg.jfrog.io/artifactory/main/release/1.72.0/source/boost_1_72_0.tar.bz2#https##
c-ares-fd6124c74da0801f23f9d324559d8b66fb83f533.tar.gz#c-ares#https://api.github.com/repos/ceph/c-ares/tarball/fd6124c74da0801f23f9d324559d8b66fb83f533#https##
ceph-erasure-code-corpus-2d7d78b9cc52e8a9529d8cc2d2954c7d375d5dd7.tar.gz#ceph-erasure-code-corpus#https://api.github.com/repos/ceph/ceph-erasure-code-corpus/tarball/2d7d78b9cc52e8a9529d8cc2d2954c7d375d5dd7#https##
ceph-object-corpus-e32bf8ca3dc6151ebe7f205ba187815bc18e1cef.tar.gz#ceph-object-corpus#https://api.github.com/repos/ceph/ceph-object-corpus/tarball/e32bf8ca3dc6151ebe7f205ba187815bc18e1cef#https##
chartmuseum-0.12.0.tar.gz#chartmuseum#https://github.com/helm/chartmuseum/archive/v0.12.0.tar.gz#https##
!chartmuseum-v0.12.0-amd64#chartmuseum-bin#https://s3.amazonaws.com/chartmuseum/release/v0.12.0/bin/linux/amd64/chartmuseum#https##
#civetweb-ff2881e2cd5869a71ca91083bad5d12cccd22136.tar.gz#civetweb#https://api.github.com/repos/ceph/civetweb/tarball/ff2881e2cd5869a71ca91083bad5d12cccd22136#https##
civetweb-bb99e93da00c3fe8c6b6a98520fb17cf64710ce7.tar.gz#civetweb#https://api.github.com/repos/ceph/civetweb/tarball/bb99e93da00c3fe8c6b6a98520fb17cf64710ce7#https##
containerd-1.4.6.tar.gz#containerd#https://github.com/containerd/containerd/archive/refs/tags/v1.4.6.tar.gz#https##
crictl-v1.21.0-linux-amd64.tar.gz#crictl#https://github.com/kubernetes-sigs/cri-tools/releases/download/v1.21.0/crictl-v1.21.0-linux-amd64.tar.gz#https##
dmclock-4496dbc6515db96e08660ac38883329c5009f3e9.tar.gz#dmclock#https://api.github.com/repos/ceph/dmclock/tarball/4496dbc6515db96e08660ac38883329c5009f3e9#https##
docker-distribution-v2.7.1.tar.gz#docker-distribution-2.7.1#https://github.com/docker/distribution/archive/v2.7.1.tar.gz#http##
# docker-libtrust-fa567046d9b14f6aa788882a950d69651d230b21.tar.gz#docker-libtrust#https://github.com/docker/libtrust/archive/fa567046d9b14f6aa788882a950d69651d230b21.tar.gz#http##
dpdk-18.11.tar.xz#dpdk-18.11#http://fast.dpdk.org/rel/dpdk-18.11.tar.xz#http##
#dpdk-6ece49ad5a26f5e2f5c4af6c06c30376c0ddc387.tar.gz#dpdk#https://api.github.com/repos/spdk/dpdk/tarball/6ece49ad5a26f5e2f5c4af6c06c30376c0ddc387#https##
dpdk-96fae0e24c9088d9690c38098b25646f861a664b.tar.gz#dpdk-96fae0e24c9088d9690c38098b25646f861a664b#https://api.github.com/repos/spdk/dpdk/tarball/96fae0e24c9088d9690c38098b25646f861a664b#https##
dpdk-a1774652fbbb1fe7c0ff392d5e66de60a0154df6.tar.gz#dpdk-a1774652fbbb1fe7c0ff392d5e66de60a0154df6#https://api.github.com/repos/ceph/dpdk/tarball/a1774652fbbb1fe7c0ff392d5e66de60a0154df6#https##
dpkg_1.18.24.tar.xz#dpkg-1.18.24#http://http.debian.net/debian/pool/main/d/dpkg/dpkg_1.18.24.tar.xz#http##
drbd-utils-9.15.1.tar.gz#drbd-utils-9.15.1#https://pkg.linbit.com//downloads/drbd/utils/drbd-utils-9.15.1.tar.gz#https##
dtc-1.4.4.tar.gz#dtc-1.4.4#https://www.kernel.org/pub/software/utils/dtc/dtc-1.4.4.tar.gz#http##
eppic_050615.tar.gz#eppic#https://src.fedoraproject.org/repo/extras/kexec-tools/eppic_050615.tar.gz/sha512/de23c3cd59ded23f2f0092c194b2169e78fcd385a8df7daf34b36f3bb2d5ddac2cdd3657bbe640beec447725988e928962baf62cf9deff8849da734390280a4f/eppic_050615.tar.gz#https##
etcd-v3.3.15.tar.gz#etcd-v3.3.15#https://github.com/etcd-io/etcd/archive/v3.3.15.tar.gz#http##
fmt-80021e25971e44bb6a6d187c0dac8a1823436d80.tar.gz#fmt#https://api.github.com/repos/ceph/fmt/tarball/80021e25971e44bb6a6d187c0dac8a1823436d80#https##
gf-complete-7e61b44404f0ed410c83cfd3947a52e88ae044e1.tar.gz#gf-complete#https://api.github.com/repos/ceph/gf-complete/tarball/7e61b44404f0ed410c83cfd3947a52e88ae044e1#https##
# gnocchi-4.2.5.tar.gz#gnocchi-4.2.5#https://pypi.io/packages/source/g/gnocchi/gnocchi-4.2.5.tar.gz#http##
# gnocchiclient-7.0.1.tar.gz#gnocchiclient-7.0.1#https://pypi.io/packages/source/g/gnocchiclient/gnocchiclient-7.0.1.tar.gz#http##
gnulib-ffc927e.tar.gz#gnulib-ffc927e#http://git.savannah.gnu.org/cgit/gnulib.git/snapshot/gnulib-ffc927eef29016a5219cd969daad8928af6a1f4d.tar.gz#http##
googletest-0a439623f75c029912728d80cb7f1b8b48739ca4.tar.gz#googletest#https://api.github.com/repos/google/googletest/tarball/0a439623f75c029912728d80cb7f1b8b48739ca4#https##
googletest-fdb850479284e2aae047b87df6beae84236d0135.tar.gz#googletest#https://api.github.com/repos/ceph/googletest/tarball/fdb850479284e2aae047b87df6beae84236d0135#https##
# gophercloud-gophercloud-aa00757ee3ab58e53520b6cb910ca0543116400a.tar.gz#gophercloud-gophercloud#github.com/gophercloud/gophercloud/archive/aa00757ee3ab58e53520b6cb910ca0543116400a.tar.gz#http##
# gorilla-context-08b5f424b9271eedf6f9f0ce86cb9396ed337a42.tar.gz#gorilla-context#https://github.com/gorilla/context/archive/08b5f424b9271eedf6f9f0ce86cb9396ed337a42.tar.gz#http##
# gorilla-mux-456bcfa82d672db7cae587c9b541463f65bc2718.tar.gz#gorilla-mux#https://github.com/gorilla/mux/archive/456bcfa82d672db7cae587c9b541463f65bc2718.tar.gz#http##
helm-v3.2.1-linux-amd64.tar.gz#linux-amd64#https://get.helm.sh/helm-v3.2.1-linux-amd64.tar.gz#http##
intel-ipsec-mb-134c90c912ea9376460e9d949bb1319a83a9d839.tar.gz#intel-ipsec-mb#https://api.github.com/repos/spdk/intel-ipsec-mb/tarball/134c90c912ea9376460e9d949bb1319a83a9d839#https##
isa-l-7e1a337433a340bc0974ed0f04301bdaca374af6.tar.gz#isa-l#https://api.github.com/repos/ceph/isa-l/tarball/7e1a337433a340bc0974ed0f04301bdaca374af6#https##
isa-l_crypto-603529a4e06ac8a1662c13d6b31f122e21830352.tar.gz#isa-l_crypto#https://api.github.com/repos/01org/isa-l_crypto/tarball/603529a4e06ac8a1662c13d6b31f122e21830352#https##
jerasure-96c76b89d661c163f65a014b8042c9354ccf7f31.tar.gz#jerasure#https://api.github.com/repos/ceph/jerasure/tarball/96c76b89d661c163f65a014b8042c9354ccf7f31#https##
kexec-tools-2.0.21.tar.xz#kexec-tools-2.0.21#https://www.kernel.org/pub/linux/utils/kernel/kexec/kexec-tools-2.0.21.tar.xz#https##
!kdump-anaconda-addon-003-29-g4c517c5.tar.gz#kexec-tools#https://vault.centos.org/7.6.1810/os/Source/SPackages/kexec-tools-2.0.15-21.el7.src.rpm#https##
keycodemapdb-16e5b07.tar.gz#keycodemapdb#https://github.com/CendioOssman/keycodemapdb/tarball/16e5b0787687d8904dad2c026107409eb9bfcb95#http##
kubernetes-contrib-v1.18.1.tar.gz#kubernetes-contrib-1.18.1#https://github.com/kubernetes-retired/contrib/tarball/89f6948e24578fed2a90a87871b2263729f90ac3#http##
kubernetes-v1.18.1.tar.gz#kubernetes-1.18.1#https://github.com/kubernetes/kubernetes/archive/7879fc12a63337efff607952a323df90cdc7a335.tar.gz#http##
kubernetes-v1.19.13.tar.gz#kubernetes-1.19.13#https://github.com/kubernetes/kubernetes/archive/refs/tags/v1.19.13.tar.gz#http##
kubernetes-v1.20.9.tar.gz#kubernetes-1.20.9#https://github.com/kubernetes/kubernetes/archive/refs/tags/v1.20.9.tar.gz#http##
kubernetes-v1.21.8.tar.gz#kubernetes-1.21.8#https://github.com/kubernetes/kubernetes/archive/refs/tags/v1.21.8.tar.gz#http##
kubernetes-v1.22.5.tar.gz#kubernetes-1.22.5#https://github.com/kubernetes/kubernetes/archive/refs/tags/v1.22.5.tar.gz#http##
kvm-unit-tests.git-4ea7633.tar.bz2#kvm-unit-tests#https://git.kernel.org/pub/scm/virt/kvm/kvm-unit-tests.git/snapshot/kvm-unit-tests-20171020.tar.gz#http##
ldapscripts-2.0.8.tgz#ldapscripts-2.0.8#https://sourceforge.net/projects/ldapscripts/files/ldapscripts/ldapscripts-2.0.8/ldapscripts-2.0.8.tgz/download#http##
libbpf-0.5.0.tar.gz#libbpf-0.5.0#https://github.com/libbpf/libbpf/archive/v0.5.0.tar.gz#https##
libtpms-0.6.0-4f0d59d.tar.gz#libtpms-0.6.0#https://github.com/stefanberger/libtpms/tarball/c421ca0f4d00c0caceeda8d62c1efb2b7e47db04#http##
lldpd-0.9.0.tar.gz#lldpd-0.9.0#https://media.luffy.cx/files/lldpd/lldpd-0.9.0.tar.gz#http##
lua-1fce39c6397056db645718b8f5821571d97869a4.tar.gz#lua#https://api.github.com/repos/ceph/lua/tarball/1fce39c6397056db645718b8f5821571d97869a4#https##
makedumpfile-1.6.9.tar.gz#makedumpfile-1.6.9#https://github.com/makedumpfile/makedumpfile/releases/download/1.6.9/makedumpfile-1.6.9.tar.gz#https##
!mariadb-10.1.28.tar.gz#mariadb-10.1.28#https://github.com/MariaDB/server/archive/mariadb-10.1.28.tar.gz#http_script##post-dl-script/mariadb.sh
openstack-helm-infra-c9d6676bf9a5aceb311dc31dadd07cba6a3d6392.tar.gz#openstack-helm-infra#https://github.com/openstack/openstack-helm-infra/archive/c9d6676bf9a5aceb311dc31dadd07cba6a3d6392.tar.gz#http##
openvswitch-2.11.0.tar.gz#openvswitch-2.11.0#https://github.com/openvswitch/ovs/archive/v2.11.0.tar.gz#http##
puppet-boolean-22b726dd78b0a60a224cc7054aebbf28e9306f62.tar.gz#puppet-boolean#https://github.com/voxpupuli/puppet-boolean/tarball/22b726dd78b0a60a224cc7054aebbf28e9306f62#http##
puppet-dnsmasq-cff07e90890662972c97684a2baee964f68ff3ed.tar.gz#packstack/puppet/modules/dnsmasq/#https://github.com/procore/puppet-dnsmasq/tarball/cff07e90890662972c97684a2baee964f68ff3ed#http##
puppet-filemapper-9b53310278e76827bbe12a36cc6470d77071abb2.tar.gz#packstack/puppet/modules/filemapper#https://github.com/voxpupuli/puppet-filemapper/tarball/9b53310278e76827bbe12a36cc6470d77071abb2#http##
puppetlabs-create_resources-4639819a7f3a4fa9310d2ba583c63e467df7e2c3.tar.gz#packstack/puppet/modules/create_resources#https://github.com/puppetlabs/puppetlabs-create_resources/tarball/4639819a7f3a4fa9310d2ba583c63e467df7e2c3#http##
puppetlabs-drbd-496b3ba9cd74a2d12636f9e90a718739a5451169.tar.gz#puppetlabs-drbd#https://github.com/voxpupuli/puppet-drbd/tarball/496b3ba9cd74a2d12636f9e90a718739a5451169#http##
puppetlabs-lvm-d0283da637ae24550fb4ba109a48ef8d5d8c8b84.tar.gz#packstack/puppet/modules/lvm#https://github.com/puppetlabs/puppetlabs-lvm/tarball/d0283da637ae24550fb4ba109a48ef8d5d8c8b84#http##
puppetlabs-postgresql-d022a56b28b2174456fc0f6adc51a4b54493afad.tar.gz#puppetlabs-postgresql#https://github.com/puppetlabs/puppetlabs-postgresql/tarball/d022a56b28b2174456fc0f6adc51a4b54493afad#http##
puppet-ldap-480f13af6d17d1d3fcf0dc7b4bd04b49fa4099e1.tar.gz#puppet-ldap-master#https://github.com/torian/puppet-ldap/tarball/480f13af6d17d1d3fcf0dc7b4bd04b49fa4099e1#http##
puppet-network-7deacd5fdc22c0543455878a8d1872f2f5417c1d.tar.gz#packstack/puppet/modules/network#https://github.com/voxpupuli/puppet-network/tarball/7deacd5fdc22c0543455878a8d1872f2f5417c1d#http##
puppet-nslcd-b8c19b1ada89865f2e50758e054583798ad8011a.tar.gz#packstack/puppet/modules/nslcd#https://github.com/jlyheden/puppet-nslcd/tarball/b8c19b1ada89865f2e50758e054583798ad8011a#http##
puppi-c1c47f4edfd761d1bbde32a75da0c3fa7cc93a81.tar.gz#puppi-master#https://github.com/example42/puppi/tarball/c1c47f4edfd761d1bbde32a75da0c3fa7cc93a81#http##
# python-cephclient-v0.1.0.5.tar.gz#python-cephclient-0.1.0.5#https://github.com/dmsimard/python-cephclient/archive/v0.1.0.5.tar.gz#http##
mechanize-0.4.5.tar.gz#mechanize-0.4.5#https://github.com/python-mechanize/mechanize/archive/v0.4.5.tar.gz#http##
html5lib-python-1.0.1.tar.gz#html5lib-1.0.1#https://github.com/html5lib/html5lib-python/archive/1.0.1.tar.gz#http##
python-webencodings-0.5.1.tar.gz#webencodings-0.5.1#https://github.com/gsnedders/python-webencodings/archive/v0.5.1.tar.gz#http##
python-setuptools-v38.5.1.tar.gz#setuptools-38.5.1#https://github.com/pypa/setuptools/archive/v38.5.1.tar.gz#http##
rapidjson-f54b0e47a08782a6131cc3d60f94d038fa6e0a51.tar.gz#rapidjson#https://api.github.com/repos/ceph/rapidjson/tarball/f54b0e47a08782a6131cc3d60f94d038fa6e0a51#https##
Redfishtool-1.1.0.tar.gz#Redfishtool-1.1.0#https://github.com/DMTF/Redfishtool/archive/1.1.0.tar.gz#http##
requests-toolbelt-0.9.1.tar.gz#requests-toolbelt-0.9.1#https://github.com/requests/toolbelt/archive/0.9.1.tar.gz#http##
#rocksdb-f4a857da0b720691effc524469f6db895ad00d8e.tar.gz#rocksdb#https://api.github.com/repos/ceph/rocksdb/tarball/f4a857da0b720691effc524469f6db895ad00d8e#https##
rocksdb-4c736f177851cbf9fb7a6790282306ffac5065f8.tar.gz#rocksdb#https://api.github.com/repos/ceph/rocksdb/tarball/4c736f177851cbf9fb7a6790282306ffac5065f8#https##
runc-1.0.0-rc95.tar.gz#runc#https://github.com/opencontainers/runc/archive/v1.0.0-rc95.tar.gz#https##
!rt-setup-2.1-2.el8.src.rpm#rt-setup#https://git.centos.org/rpms/rt-setup#http_script#201aeb6d3d06c556cee369b9833539ecb67ce943#post-dl-script/rt-setup.sh
# Sirupsen-logrus-55eb11d21d2a31a3cc93838241d04800f52e823d.tar.gz#Sirupsen-logrus#github.com/Sirupsen/logrus/archive/55eb11d21d2a31a3cc93838241d04800f52e823d.tar.gz#http##
seastar-0cf6aa6b28d69210b271489c0778f226cde0f459.tar.gz#seastar#https://api.github.com/repos/ceph/seastar/tarball/0cf6aa6b28d69210b271489c0778f226cde0f459#https##
spawn-5f4742f647a5a33b9467f648a3968b3cd0a681ee.tar.gz#spawn#https://api.github.com/repos/ceph/spawn/tarball/5f4742f647a5a33b9467f648a3968b3cd0a681ee#https##
#spdk-f474ce6930f0a44360e1cc4ecd606d2348481c4c.tar.gz#spdk#https://api.github.com/repos/ceph/spdk/tarball/f474ce6930f0a44360e1cc4ecd606d2348481c4c#https##
spdk-fd292c568f72187e172b98074d7ccab362dae348.tar.gz#spdk#https://api.github.com/repos/ceph/spdk/tarball/fd292c568f72187e172b98074d7ccab362dae348#https##
spectre-meltdown-checker-0.37+-5cc77741.tar.gz#spectre-meltdown-checker#https://github.com/speed47/spectre-meltdown-checker/tarball/5cc77741af1d2f52140aa9f89339f56b6c4b6783#http##
trident-installer-21.04.1.tar.gz#trident-installer-21.04.1#https://github.com/NetApp/trident/releases/download/v21.04.1/trident-installer-21.04.1.tar.gz#https##
!tss2-930.tar.gz#tss2-930#https://git.code.sf.net/p/ibmtpm20tss/tss#git#v930#
xxHash-1f40c6511fa8dd9d2e337ca8c9bc18b3e87663c9.tar.gz#xxHash#https://api.github.com/repos/ceph/xxHash/tarball/1f40c6511fa8dd9d2e337ca8c9bc18b3e87663c9#https##
#zstd-f4340f46b2387bc8de7d5320c0b83bb1499933ad.tar.gz#zstd#https://api.github.com/repos/facebook/zstd/tarball/f4340f46b2387bc8de7d5320c0b83bb1499933ad#https##
zstd-b706286adbba780006a47ef92df0ad7a785666b6.tar.gz#zstd#https://api.github.com/repos/facebook/zstd/tarball/b706286adbba780006a47ef92df0ad7a785666b6#https##
inih-b1dbff4b0bd1e1f40d237e21011f6dee0ec2fa69.tar.gz#inih-44#https://github.com/benhoyt/inih/tarball/b1dbff4b0bd1e1f40d237e21011f6dee0ec2fa69#https##
pf-bb-config-d7d5f1ddd17b4c80e3e0d6ce87660926f58f8585.tar.gz#pf-bb-config-21.6#https://github.com/intel/pf-bb-config/tarball/d7d5f1ddd17b4c80e3e0d6ce87660926f58f8585#https##
gpu-operator-1.8.1.tar.gz#gpu-operator-1.8.1#https://github.com/NVIDIA/gpu-operator/archive/v1.8.1.tar.gz##https##
containernetworking-plugins-v0.9.1.tar.gz#containernetworking-plugins-v0.9.1#https://github.com/containernetworking/plugins/archive/refs/tags/v0.9.1.tar.gz#https##
